<?xml version="1.0" encoding="UTF-8"?>
<!-- Generated by org.testng.reporters.JUnitXMLReporter -->
<testsuite hostname="dgl34" ignored="0" name="Masking Tests" tests="4" failures="0" timestamp="2021-05-07T22:29:59 IST" time="5551.945" errors="0">
  <testcase name="CreateMaskingConnection" time="5.67" classname="com.dataguise.test.masking.testcase.ExecuteMaskingTask"/>
  <testcase name="CreateMaskingConnection" time="0.017" classname="com.dataguise.test.masking.testcase.ExecuteMaskingTask"/>
  <testcase name="CreateMaskingTask" time="0.001" classname="com.dataguise.test.masking.testcase.ExecuteMaskingTask"/>
  <testcase name="CreateMaskingTask" time="5540.581" classname="com.dataguise.test.masking.testcase.ExecuteMaskingTask"/>
</testsuite> <!-- Masking Tests -->
